# JRE version: OpenJDK Runtime Environment Temurin-21.0.9+10 (21.0.9+10) (build 21.0.9+10-LTS)
# Java VM: OpenJDK 64-Bit Server VM Temurin-21.0.9+10 (21.0.9+10-LTS, mixed mode, sharing, tiered, compressed oops, compressed class ptrs, parallel gc, windows-amd64)
GC Precious Log:
 CardTable entry size: 512
 CPUs: 8 total, 8 available
 Memory: 8035M
 Large Page Support: Disabled
 NUMA Support: Disabled
 Compressed Oops: Enabled (32-bit)
 Alignments: Space 512K, Generation 512K, Heap 2M
 Heap Min Capacity: 100M
 Heap Initial Capacity: 100M
 Heap Max Capacity: 2G
 Pre-touch: Disabled
 Parallel Workers: 8
Heap:
 PSYoungGen      total 6656K, used 3311K [0x00000000d5580000, 0x00000000d6480000, 0x0000000100000000)
  eden space 4096K, 19% used [0x00000000d5580000,0x00000000d56471e0,0x00000000d5980000)
  from space 2560K, 98% used [0x00000000d5980000,0x00000000d5bf9210,0x00000000d5c00000)
  to   space 5632K, 0% used [0x00000000d5f00000,0x00000000d5f00000,0x00000000d6480000)
 ParOldGen       total 733184K, used 732952K [0x0000000080000000, 0x00000000acc00000, 0x00000000d5580000)
  object space 733184K, 99% used [0x0000000080000000,0x00000000acbc6050,0x00000000acc00000)
 Metaspace       used 89672K, committed 91648K, reserved 1179648K
  class space    used 9514K, committed 10432K, reserved 1048576K
GC Heap History (20 events):
Event: 245.373 GC heap after
{Heap after GC invocations=1134 (full 4):
 PSYoungGen      total 2048K, used 637K [0x00000000d5580000, 0x00000000d5a80000, 0x0000000100000000)
  eden space 1024K, 0% used [0x00000000d5580000,0x00000000d5580000,0x00000000d5680000)
  from space 1024K, 62% used [0x00000000d5980000,0x00000000d5a1f508,0x00000000d5a80000)
  to   space 1024K, 0% used [0x00000000d5880000,0x00000000d5880000,0x00000000d5980000)
 ParOldGen       total 680960K, used 680536K [0x0000000080000000, 0x00000000a9900000, 0x00000000d5580000)
  object space 680960K, 99% used [0x0000000080000000,0x00000000a9896238,0x00000000a9900000)
 Metaspace       used 89619K, committed 91648K, reserved 1179648K
  class space    used 9514K, committed 10432K, reserved 1048576K
}
Event: 245.376 GC heap before
{Heap before GC invocations=1135 (full 4):
 PSYoungGen      total 2048K, used 1661K [0x00000000d5580000, 0x00000000d5a80000, 0x0000000100000000)
  eden space 1024K, 100% used [0x00000000d5580000,0x00000000d5680000,0x00000000d5680000)
  from space 1024K, 62% used [0x00000000d5980000,0x00000000d5a1f508,0x00000000d5a80000)
  to   space 1024K, 0% used [0x00000000d5880000,0x00000000d5880000,0x00000000d5980000)
 ParOldGen       total 680960K, used 680536K [0x0000000080000000, 0x00000000a9900000, 0x00000000d5580000)
  object space 680960K, 99% used [0x0000000080000000,0x00000000a9896238,0x00000000a9900000)
 Metaspace       used 89619K, committed 91648K, reserved 1179648K
  class space    used 9514K, committed 10432K, reserved 1048576K
}
Event: 245.381 GC heap after
{Heap after GC invocations=1135 (full 4):
 PSYoungGen      total 2560K, used 994K [0x00000000d5580000, 0x00000000d5b00000, 0x0000000100000000)
  eden space 1536K, 0% used [0x00000000d5580000,0x00000000d5580000,0x00000000d5700000)
  from space 1024K, 97% used [0x00000000d5880000,0x00000000d5978b58,0x00000000d5980000)
  to   space 1536K, 0% used [0x00000000d5980000,0x00000000d5980000,0x00000000d5b00000)
 ParOldGen       total 681472K, used 681077K [0x0000000080000000, 0x00000000a9980000, 0x00000000d5580000)
  object space 681472K, 99% used [0x0000000080000000,0x00000000a991d740,0x00000000a9980000)
 Metaspace       used 89619K, committed 91648K, reserved 1179648K
  class space    used 9514K, committed 10432K, reserved 1048576K
}
Event: 245.389 GC heap before
{Heap before GC invocations=1136 (full 4):
 PSYoungGen      total 2560K, used 2530K [0x00000000d5580000, 0x00000000d5b00000, 0x0000000100000000)
  eden space 1536K, 100% used [0x00000000d5580000,0x00000000d5700000,0x00000000d5700000)
  from space 1024K, 97% used [0x00000000d5880000,0x00000000d5978b58,0x00000000d5980000)
  to   space 1536K, 0% used [0x00000000d5980000,0x00000000d5980000,0x00000000d5b00000)
 ParOldGen       total 681472K, used 681077K [0x0000000080000000, 0x00000000a9980000, 0x00000000d5580000)
  object space 681472K, 99% used [0x0000000080000000,0x00000000a991d740,0x00000000a9980000)
 Metaspace       used 89619K, committed 91648K, reserved 1179648K
  class space    used 9514K, committed 10432K, reserved 1048576K
}
Event: 245.393 GC heap after
{Heap after GC invocations=1136 (full 4):
 PSYoungGen      total 3584K, used 1216K [0x00000000d5580000, 0x00000000d5b00000, 0x0000000100000000)
  eden space 2048K, 0% used [0x00000000d5580000,0x00000000d5580000,0x00000000d5780000)
  from space 1536K, 79% used [0x00000000d5980000,0x00000000d5ab0000,0x00000000d5b00000)
  to   space 1536K, 0% used [0x00000000d5800000,0x00000000d5800000,0x00000000d5980000)
 ParOldGen       total 682496K, used 682013K [0x0000000080000000, 0x00000000a9a80000, 0x00000000d5580000)
  object space 682496K, 99% used [0x0000000080000000,0x00000000a9a07740,0x00000000a9a80000)
 Metaspace       used 89619K, committed 91648K, reserved 1179648K
  class space    used 9514K, committed 10432K, reserved 1048576K
}
Event: 245.402 GC heap before
{Heap before GC invocations=1137 (full 4):
 PSYoungGen      total 3584K, used 3264K [0x00000000d5580000, 0x00000000d5b00000, 0x0000000100000000)
  eden space 2048K, 100% used [0x00000000d5580000,0x00000000d5780000,0x00000000d5780000)
  from space 1536K, 79% used [0x00000000d5980000,0x00000000d5ab0000,0x00000000d5b00000)
  to   space 1536K, 0% used [0x00000000d5800000,0x00000000d5800000,0x00000000d5980000)
 ParOldGen       total 682496K, used 682013K [0x0000000080000000, 0x00000000a9a80000, 0x00000000d5580000)
  object space 682496K, 99% used [0x0000000080000000,0x00000000a9a07740,0x00000000a9a80000)
 Metaspace       used 89624K, committed 91648K, reserved 1179648K
  class space    used 9514K, committed 10432K, reserved 1048576K
}
Event: 245.407 GC heap after
{Heap after GC invocations=1137 (full 4):
 PSYoungGen      total 4096K, used 1536K [0x00000000d5580000, 0x00000000d5e00000, 0x0000000100000000)
  eden space 2560K, 0% used [0x00000000d5580000,0x00000000d5580000,0x00000000d5800000)
  from space 1536K, 100% used [0x00000000d5800000,0x00000000d5980000,0x00000000d5980000)
  to   space 3072K, 0% used [0x00000000d5b00000,0x00000000d5b00000,0x00000000d5e00000)
 ParOldGen       total 683520K, used 683165K [0x0000000080000000, 0x00000000a9b80000, 0x00000000d5580000)
  object space 683520K, 99% used [0x0000000080000000,0x00000000a9b27740,0x00000000a9b80000)
 Metaspace       used 89624K, committed 91648K, reserved 1179648K
  class space    used 9514K, committed 10432K, reserved 1048576K
}
Event: 245.430 GC heap before
{Heap before GC invocations=1138 (full 4):
 PSYoungGen      total 4096K, used 4096K [0x00000000d5580000, 0x00000000d5e00000, 0x0000000100000000)
  eden space 2560K, 100% used [0x00000000d5580000,0x00000000d5800000,0x00000000d5800000)
  from space 1536K, 100% used [0x00000000d5800000,0x00000000d5980000,0x00000000d5980000)
  to   space 3072K, 0% used [0x00000000d5b00000,0x00000000d5b00000,0x00000000d5e00000)
 ParOldGen       total 683520K, used 683165K [0x0000000080000000, 0x00000000a9b80000, 0x00000000d5580000)
  object space 683520K, 99% used [0x0000000080000000,0x00000000a9b27740,0x00000000a9b80000)
 Metaspace       used 89650K, committed 91648K, reserved 1179648K
  class space    used 9514K, committed 10432K, reserved 1048576K
}
Event: 245.438 GC heap after
{Heap after GC invocations=1138 (full 4):
 PSYoungGen      total 5632K, used 2016K [0x00000000d5580000, 0x00000000d5d80000, 0x0000000100000000)
  eden space 3072K, 0% used [0x00000000d5580000,0x00000000d5580000,0x00000000d5880000)
  from space 2560K, 78% used [0x00000000d5b00000,0x00000000d5cf8000,0x00000000d5d80000)
  to   space 2560K, 0% used [0x00000000d5880000,0x00000000d5880000,0x00000000d5b00000)
 ParOldGen       total 685056K, used 684629K [0x0000000080000000, 0x00000000a9d00000, 0x00000000d5580000)
  object space 685056K, 99% used [0x0000000080000000,0x00000000a9c95740,0x00000000a9d00000)
 Metaspace       used 89650K, committed 91648K, reserved 1179648K
  class space    used 9514K, committed 10432K, reserved 1048576K
}
Event: 245.463 GC heap before
{Heap before GC invocations=1139 (full 4):
 PSYoungGen      total 5632K, used 5088K [0x00000000d5580000, 0x00000000d5d80000, 0x0000000100000000)
  eden space 3072K, 100% used [0x00000000d5580000,0x00000000d5880000,0x00000000d5880000)
  from space 2560K, 78% used [0x00000000d5b00000,0x00000000d5cf8000,0x00000000d5d80000)
  to   space 2560K, 0% used [0x00000000d5880000,0x00000000d5880000,0x00000000d5b00000)
 ParOldGen       total 685056K, used 684629K [0x0000000080000000, 0x00000000a9d00000, 0x00000000d5580000)
  object space 685056K, 99% used [0x0000000080000000,0x00000000a9c95740,0x00000000a9d00000)
 Metaspace       used 89653K, committed 91648K, reserved 1179648K
  class space    used 9514K, committed 10432K, reserved 1048576K
}
Event: 245.469 GC heap after
{Heap after GC invocations=1139 (full 4):
 PSYoungGen      total 5632K, used 2156K [0x00000000d5580000, 0x00000000d5e80000, 0x0000000100000000)
  eden space 3072K, 0% used [0x00000000d5580000,0x00000000d5580000,0x00000000d5880000)
  from space 2560K, 84% used [0x00000000d5880000,0x00000000d5a9b000,0x00000000d5b00000)
  to   space 2560K, 0% used [0x00000000d5c00000,0x00000000d5c00000,0x00000000d5e80000)
 ParOldGen       total 686592K, used 686517K [0x0000000080000000, 0x00000000a9e80000, 0x00000000d5580000)
  object space 686592K, 99% used [0x0000000080000000,0x00000000a9e6d740,0x00000000a9e80000)
 Metaspace       used 89653K, committed 91648K, reserved 1179648K
  class space    used 9514K, committed 10432K, reserved 1048576K
}
Event: 245.509 GC heap before
{Heap before GC invocations=1140 (full 4):
 PSYoungGen      total 5632K, used 5227K [0x00000000d5580000, 0x00000000d5e80000, 0x0000000100000000)
  eden space 3072K, 99% used [0x00000000d5580000,0x00000000d587fff0,0x00000000d5880000)
  from space 2560K, 84% used [0x00000000d5880000,0x00000000d5a9b000,0x00000000d5b00000)
  to   space 2560K, 0% used [0x00000000d5c00000,0x00000000d5c00000,0x00000000d5e80000)
 ParOldGen       total 718336K, used 717237K [0x0000000080000000, 0x00000000abd80000, 0x00000000d5580000)
  object space 718336K, 99% used [0x0000000080000000,0x00000000abc6d770,0x00000000abd80000)
 Metaspace       used 89654K, committed 91648K, reserved 1179648K
  class space    used 9514K, committed 10432K, reserved 1048576K
}
Event: 245.514 GC heap after
{Heap after GC invocations=1140 (full 4):
 PSYoungGen      total 6656K, used 2068K [0x00000000d5580000, 0x00000000d5e80000, 0x0000000100000000)
  eden space 4096K, 0% used [0x00000000d5580000,0x00000000d5580000,0x00000000d5980000)
  from space 2560K, 80% used [0x00000000d5c00000,0x00000000d5e05210,0x00000000d5e80000)
  to   space 2560K, 0% used [0x00000000d5980000,0x00000000d5980000,0x00000000d5c00000)
 ParOldGen       total 718848K, used 718749K [0x0000000080000000, 0x00000000abe00000, 0x00000000d5580000)
  object space 718848K, 99% used [0x0000000080000000,0x00000000abde77a0,0x00000000abe00000)
 Metaspace       used 89654K, committed 91648K, reserved 1179648K
  class space    used 9514K, committed 10432K, reserved 1048576K
}
Event: 245.531 GC heap before
{Heap before GC invocations=1141 (full 4):
 PSYoungGen      total 6656K, used 6164K [0x00000000d5580000, 0x00000000d5e80000, 0x0000000100000000)
  eden space 4096K, 100% used [0x00000000d5580000,0x00000000d5980000,0x00000000d5980000)
  from space 2560K, 80% used [0x00000000d5c00000,0x00000000d5e05210,0x00000000d5e80000)
  to   space 2560K, 0% used [0x00000000d5980000,0x00000000d5980000,0x00000000d5c00000)
 ParOldGen       total 718848K, used 718749K [0x0000000080000000, 0x00000000abe00000, 0x00000000d5580000)
  object space 718848K, 99% used [0x0000000080000000,0x00000000abde77a0,0x00000000abe00000)
 Metaspace       used 89654K, committed 91648K, reserved 1179648K
  class space    used 9514K, committed 10432K, reserved 1048576K
}
Event: 245.537 GC heap after
{Heap after GC invocations=1141 (full 4):
 PSYoungGen      total 6656K, used 576K [0x00000000d5580000, 0x00000000d5d80000, 0x0000000100000000)
  eden space 4096K, 0% used [0x00000000d5580000,0x00000000d5580000,0x00000000d5980000)
  from space 2560K, 22% used [0x00000000d5980000,0x00000000d5a10000,0x00000000d5c00000)
  to   space 1536K, 0% used [0x00000000d5c00000,0x00000000d5c00000,0x00000000d5d80000)
 ParOldGen       total 721408K, used 721082K [0x0000000080000000, 0x00000000ac080000, 0x00000000d5580000)
  object space 721408K, 99% used [0x0000000080000000,0x00000000ac02e9b0,0x00000000ac080000)
 Metaspace       used 89654K, committed 91648K, reserved 1179648K
  class space    used 9514K, committed 10432K, reserved 1048576K
}
Event: 245.644 GC heap before
{Heap before GC invocations=1142 (full 4):
 PSYoungGen      total 6656K, used 4672K [0x00000000d5580000, 0x00000000d5d80000, 0x0000000100000000)
  eden space 4096K, 100% used [0x00000000d5580000,0x00000000d5980000,0x00000000d5980000)
  from space 2560K, 22% used [0x00000000d5980000,0x00000000d5a10000,0x00000000d5c00000)
  to   space 1536K, 0% used [0x00000000d5c00000,0x00000000d5c00000,0x00000000d5d80000)
 ParOldGen       total 721408K, used 721082K [0x0000000080000000, 0x00000000ac080000, 0x00000000d5580000)
  object space 721408K, 99% used [0x0000000080000000,0x00000000ac02e9b0,0x00000000ac080000)
 Metaspace       used 89655K, committed 91648K, reserved 1179648K
  class space    used 9514K, committed 10432K, reserved 1048576K
}
Event: 245.652 GC heap after
{Heap after GC invocations=1142 (full 4):
 PSYoungGen      total 5632K, used 1520K [0x00000000d5580000, 0x00000000d5d80000, 0x0000000100000000)
  eden space 4096K, 0% used [0x00000000d5580000,0x00000000d5580000,0x00000000d5980000)
  from space 1536K, 98% used [0x00000000d5c00000,0x00000000d5d7c000,0x00000000d5d80000)
  to   space 2560K, 0% used [0x00000000d5980000,0x00000000d5980000,0x00000000d5c00000)
 ParOldGen       total 723456K, used 723242K [0x0000000080000000, 0x00000000ac280000, 0x00000000d5580000)
  object space 723456K, 99% used [0x0000000080000000,0x00000000ac24a9d0,0x00000000ac280000)
 Metaspace       used 89655K, committed 91648K, reserved 1179648K
  class space    used 9514K, committed 10432K, reserved 1048576K
}
Event: 245.723 GC heap before
{Heap before GC invocations=1143 (full 4):
 PSYoungGen      total 5632K, used 5616K [0x00000000d5580000, 0x00000000d5d80000, 0x0000000100000000)
  eden space 4096K, 100% used [0x00000000d5580000,0x00000000d5980000,0x00000000d5980000)
  from space 1536K, 98% used [0x00000000d5c00000,0x00000000d5d7c000,0x00000000d5d80000)
  to   space 2560K, 0% used [0x00000000d5980000,0x00000000d5980000,0x00000000d5c00000)
 ParOldGen       total 723456K, used 723242K [0x0000000080000000, 0x00000000ac280000, 0x00000000d5580000)
  object space 723456K, 99% used [0x0000000080000000,0x00000000ac24a9d0,0x00000000ac280000)
 Metaspace       used 89662K, committed 91648K, reserved 1179648K
  class space    used 9514K, committed 10432K, reserved 1048576K
}
Event: 245.730 GC heap after
{Heap after GC invocations=1143 (full 4):
 PSYoungGen      total 6656K, used 2557K [0x00000000d5580000, 0x00000000d5d80000, 0x0000000100000000)
  eden space 4096K, 0% used [0x00000000d5580000,0x00000000d5580000,0x00000000d5980000)
  from space 2560K, 99% used [0x00000000d5980000,0x00000000d5bff680,0x00000000d5c00000)
  to   space 1536K, 0% used [0x00000000d5c00000,0x00000000d5c00000,0x00000000d5d80000)
 ParOldGen       total 726016K, used 725834K [0x0000000080000000, 0x00000000ac500000, 0x00000000d5580000)
  object space 726016K, 99% used [0x0000000080000000,0x00000000ac4d29d0,0x00000000ac500000)
 Metaspace       used 89662K, committed 91648K, reserved 1179648K
  class space    used 9514K, committed 10432K, reserved 1048576K
}
Event: 245.747 GC heap before
{Heap before GC invocations=1144 (full 4):
 PSYoungGen      total 6656K, used 6653K [0x00000000d5580000, 0x00000000d5d80000, 0x0000000100000000)
  eden space 4096K, 100% used [0x00000000d5580000,0x00000000d5980000,0x00000000d5980000)
  from space 2560K, 99% used [0x00000000d5980000,0x00000000d5bff680,0x00000000d5c00000)
  to   space 1536K, 0% used [0x00000000d5c00000,0x00000000d5c00000,0x00000000d5d80000)
 ParOldGen       total 726016K, used 725834K [0x0000000080000000, 0x00000000ac500000, 0x00000000d5580000)
  object space 726016K, 99% used [0x0000000080000000,0x00000000ac4d29d0,0x00000000ac500000)
 Metaspace       used 89662K, committed 91648K, reserved 1179648K
  class space    used 9514K, committed 10432K, reserved 1048576K
}

